=======Command line arguments=======
N_atoms: 1000
n_timesteps: 10000
xyz_file_output_frequency: 100
thermo_output_frequency: 100
====================================
recvcount: 62       displ: 0
recvcount: 62       displ: 62
recvcount: 62       displ: 124
recvcount: 62       displ: 186
recvcount: 62       displ: 248
recvcount: 62       displ: 310
recvcount: 62       displ: 372
recvcount: 62       displ: 434
recvcount: 62       displ: 496
recvcount: 62       displ: 558
recvcount: 62       displ: 620
recvcount: 62       displ: 682
recvcount: 62       displ: 744
recvcount: 62       displ: 806
recvcount: 62       displ: 868
recvcount: 70       displ: 930
box length: 4.838e+01 Angstrom
density: 8.832e-03 molecules/Ang^3
Beginning simulation....
 Timestep     KE          PE        TotE        Temp   Pressure
      0   3.087e+00  -4.855e-01  2.60148e+00  149.06  1.019e-05
    100   2.487e+00  -4.522e-01  2.03505e+00  120.10  1.025e-05
    200   2.857e+00  -4.583e-01  2.39907e+00  137.97  1.413e-05
    300   2.989e+00  -4.926e-01  2.49630e+00  144.32  1.330e-05
    400   2.973e+00  -4.713e-01  2.50186e+00  143.56  1.476e-05
    500   3.031e+00  -4.923e-01  2.53887e+00  146.36  1.387e-05
    600   3.060e+00  -4.782e-01  2.58197e+00  147.76  1.458e-05
    700   3.104e+00  -4.966e-01  2.60700e+00  149.86  1.287e-05
    800   3.019e+00  -4.743e-01  2.54428e+00  145.76  1.412e-05
    900   3.131e+00  -4.736e-01  2.65729e+00  151.18  1.540e-05
   1000   3.131e+00  -4.795e-01  2.65114e+00  151.17  1.533e-05
   1100   3.092e+00  -4.794e-01  2.61264e+00  149.30  1.453e-05
   1200   3.122e+00  -5.011e-01  2.62041e+00  150.73  1.414e-05
   1300   3.085e+00  -5.082e-01  2.57651e+00  148.95  1.396e-05
   1400   3.124e+00  -4.908e-01  2.63286e+00  150.83  1.485e-05
   1500   3.120e+00  -4.926e-01  2.62717e+00  150.64  1.450e-05
   1600   3.073e+00  -4.923e-01  2.58094e+00  148.40  1.408e-05
   1700   3.149e+00  -5.095e-01  2.64001e+00  152.08  1.416e-05
   1800   3.064e+00  -4.964e-01  2.56733e+00  147.93  1.516e-05
   1900   3.129e+00  -4.854e-01  2.64352e+00  151.08  1.580e-05
   2000   3.151e+00  -4.932e-01  2.65815e+00  152.16  1.448e-05
   2100   3.140e+00  -4.842e-01  2.65617e+00  151.64  1.418e-05
   2200   3.156e+00  -4.755e-01  2.68041e+00  152.38  1.532e-05
   2300   3.145e+00  -4.881e-01  2.65664e+00  151.85  1.484e-05
   2400   3.184e+00  -4.966e-01  2.68730e+00  153.74  1.483e-05
   2500   3.180e+00  -4.934e-01  2.68668e+00  153.55  1.516e-05
   2600   3.151e+00  -4.765e-01  2.67488e+00  152.17  1.640e-05
   2700   3.173e+00  -4.926e-01  2.67996e+00  153.19  1.523e-05
   2800   3.203e+00  -4.901e-01  2.71321e+00  154.67  1.551e-05
   2900   3.206e+00  -4.975e-01  2.70811e+00  154.79  1.496e-05
   3000   3.221e+00  -5.041e-01  2.71705e+00  155.54  1.490e-05
   3100   3.224e+00  -5.001e-01  2.72431e+00  155.69  1.575e-05
   3200   3.189e+00  -5.059e-01  2.68274e+00  153.97  1.516e-05
   3300   3.187e+00  -5.107e-01  2.67636e+00  153.89  1.501e-05
   3400   3.251e+00  -5.055e-01  2.74585e+00  156.99  1.569e-05
   3500   3.123e+00  -4.973e-01  2.62612e+00  150.82  1.540e-05
   3600   3.257e+00  -5.118e-01  2.74546e+00  157.28  1.519e-05
   3700   3.125e+00  -4.993e-01  2.62605e+00  150.91  1.485e-05
   3800   3.182e+00  -5.002e-01  2.68213e+00  153.66  1.484e-05
   3900   3.251e+00  -4.919e-01  2.75870e+00  156.96  1.573e-05
   4000   3.210e+00  -4.954e-01  2.71487e+00  155.01  1.501e-05
   4100   3.187e+00  -4.950e-01  2.69218e+00  153.90  1.507e-05
   4200   3.219e+00  -4.857e-01  2.73354e+00  155.44  1.583e-05
   4300   3.187e+00  -4.925e-01  2.69484e+00  153.91  1.483e-05
   4400   3.178e+00  -4.763e-01  2.70177e+00  153.45  1.560e-05
   4500   3.211e+00  -4.983e-01  2.71263e+00  155.05  1.507e-05
   4600   3.146e+00  -4.905e-01  2.65511e+00  151.89  1.575e-05
   4700   3.164e+00  -4.949e-01  2.66898e+00  152.77  1.502e-05
   4800   3.221e+00  -4.891e-01  2.73216e+00  155.54  1.555e-05
   4900   3.229e+00  -4.881e-01  2.74135e+00  155.94  1.555e-05
   5000   3.177e+00  -5.005e-01  2.67653e+00  153.41  1.471e-05
   5100   3.249e+00  -4.965e-01  2.75249e+00  156.88  1.501e-05
   5200   3.268e+00  -4.858e-01  2.78259e+00  157.82  1.523e-05
   5300   3.093e+00  -4.822e-01  2.61124e+00  149.37  1.382e-05
   5400   3.131e+00  -4.714e-01  2.65944e+00  151.17  1.498e-05
   5500   3.137e+00  -4.779e-01  2.65901e+00  151.47  1.452e-05
   5600   3.094e+00  -4.669e-01  2.62742e+00  149.41  1.533e-05
   5700   3.179e+00  -4.722e-01  2.70691e+00  153.51  1.538e-05
   5800   3.096e+00  -4.671e-01  2.62894e+00  149.50  1.454e-05
   5900   3.133e+00  -4.668e-01  2.66569e+00  151.26  1.500e-05
   6000   3.092e+00  -4.713e-01  2.62075e+00  149.30  1.411e-05
   6100   3.108e+00  -4.859e-01  2.62163e+00  150.05  1.384e-05
   6200   3.141e+00  -4.839e-01  2.65672e+00  151.65  1.482e-05
   6300   3.134e+00  -4.946e-01  2.63922e+00  151.32  1.411e-05
   6400   3.124e+00  -4.872e-01  2.63675e+00  150.84  1.397e-05
   6500   3.059e+00  -4.654e-01  2.59329e+00  147.69  1.525e-05
   6600   3.183e+00  -4.728e-01  2.71001e+00  153.69  1.553e-05
   6700   3.122e+00  -4.846e-01  2.63775e+00  150.76  1.405e-05
   6800   3.144e+00  -4.746e-01  2.66915e+00  151.80  1.468e-05
   6900   3.177e+00  -4.761e-01  2.70097e+00  153.41  1.454e-05
   7000   3.088e+00  -4.700e-01  2.61777e+00  149.10  1.457e-05
   7100   3.090e+00  -4.632e-01  2.62669e+00  149.20  1.532e-05
   7200   3.134e+00  -4.787e-01  2.65567e+00  151.35  1.440e-05
   7300   3.115e+00  -4.773e-01  2.63740e+00  150.40  1.432e-05
   7400   3.164e+00  -4.866e-01  2.67688e+00  152.75  1.403e-05
   7500   3.142e+00  -4.687e-01  2.67324e+00  151.71  1.535e-05
   7600   3.178e+00  -4.704e-01  2.70756e+00  153.45  1.494e-05
   7700   3.173e+00  -4.796e-01  2.69375e+00  153.23  1.404e-05
   7800   3.195e+00  -4.704e-01  2.72425e+00  154.26  1.501e-05
   7900   3.126e+00  -4.630e-01  2.66286e+00  150.93  1.538e-05
   8000   3.197e+00  -4.880e-01  2.70867e+00  154.36  1.426e-05
   8100   3.262e+00  -4.865e-01  2.77516e+00  157.49  1.489e-05
   8200   3.169e+00  -4.582e-01  2.71102e+00  153.03  1.584e-05
   8300   3.193e+00  -4.793e-01  2.71325e+00  154.15  1.529e-05
   8400   3.178e+00  -4.929e-01  2.68557e+00  153.47  1.487e-05
   8500   3.140e+00  -4.939e-01  2.64576e+00  151.60  1.448e-05
   8600   3.179e+00  -4.807e-01  2.69827e+00  153.50  1.571e-05
   8700   3.138e+00  -4.781e-01  2.66022e+00  151.54  1.535e-05
   8800   3.180e+00  -4.753e-01  2.70468e+00  153.55  1.522e-05
   8900   3.151e+00  -4.823e-01  2.66871e+00  152.15  1.435e-05
   9000   3.084e+00  -4.637e-01  2.62052e+00  148.92  1.506e-05
   9100   3.145e+00  -4.696e-01  2.67552e+00  151.86  1.533e-05
   9200   3.153e+00  -4.734e-01  2.67988e+00  152.26  1.545e-05
   9300   3.131e+00  -4.919e-01  2.63909e+00  151.18  1.518e-05
   9400   3.147e+00  -5.026e-01  2.64469e+00  151.97  1.445e-05
   9500   3.138e+00  -4.850e-01  2.65271e+00  151.51  1.536e-05
   9600   3.144e+00  -4.991e-01  2.64519e+00  151.83  1.462e-05
   9700   3.094e+00  -4.950e-01  2.59875e+00  149.39  1.484e-05
   9800   3.158e+00  -4.886e-01  2.66917e+00  152.48  1.558e-05
   9900   3.147e+00  -4.809e-01  2.66630e+00  151.96  1.534e-05
  10000   3.165e+00  -4.807e-01  2.68451e+00  152.84  1.477e-05
Simulation Complete!
Total simulation time:             11.936 secs
Force/energy time:                  7.727 secs (64.73%)
Position/velocity update time:      4.033 secs (33.79%)
Thermo/trajectory output time:      0.173 secs ( 1.45%)
